<?xml version="1.0" encoding="UTF-8"?>
<testsuite xmlns:xsi="http://www.w3.org/2001/XMLSchema-instance" xsi:noNamespaceSchemaLocation="https://maven.apache.org/surefire/maven-surefire-plugin/xsd/surefire-test-report-3.0.xsd" version="3.0" name="it.unipi.cross.config.ConfigReaderTest" time="0.296" tests="12" errors="0" skipped="0" failures="0">
  <properties>
    <property name="java.specification.version" value="17"/>
    <property name="sun.cpu.isalist" value="amd64"/>
    <property name="sun.jnu.encoding" value="Cp1252"/>
    <property name="java.class.path" value="C:\Users\ernes\OneDrive - University of Pisa\unipi\esamiprossimi\14.retilab3\Lab3\lab3-projects\finale\cross\target\test-classes;C:\Users\ernes\OneDrive - University of Pisa\unipi\esamiprossimi\14.retilab3\Lab3\lab3-projects\finale\cross\target\classes;C:\Users\ernes\.m2\repository\org\junit\jupiter\junit-jupiter-engine\5.11.4\junit-jupiter-engine-5.11.4.jar;C:\Users\ernes\.m2\repository\org\junit\platform\junit-platform-engine\1.11.4\junit-platform-engine-1.11.4.jar;C:\Users\ernes\.m2\repository\org\opentest4j\opentest4j\1.3.0\opentest4j-1.3.0.jar;C:\Users\ernes\.m2\repository\org\junit\platform\junit-platform-commons\1.11.4\junit-platform-commons-1.11.4.jar;C:\Users\ernes\.m2\repository\org\junit\jupiter\junit-jupiter-api\5.11.4\junit-jupiter-api-5.11.4.jar;C:\Users\ernes\.m2\repository\org\apiguardian\apiguardian-api\1.1.2\apiguardian-api-1.1.2.jar;C:\Users\ernes\.m2\repository\org\apache\maven\plugins\maven-compiler-plugin\3.13.0\maven-compiler-plugin-3.13.0.jar;C:\Users\ernes\.m2\repository\org\apache\maven\shared\maven-shared-utils\3.4.2\maven-shared-utils-3.4.2.jar;C:\Users\ernes\.m2\repository\org\slf4j\slf4j-api\1.7.36\slf4j-api-1.7.36.jar;C:\Users\ernes\.m2\repository\commons-io\commons-io\2.11.0\commons-io-2.11.0.jar;C:\Users\ernes\.m2\repository\org\apache\maven\shared\maven-shared-incremental\1.1\maven-shared-incremental-1.1.jar;C:\Users\ernes\.m2\repository\org\codehaus\plexus\plexus-java\1.2.0\plexus-java-1.2.0.jar;C:\Users\ernes\.m2\repository\org\ow2\asm\asm\9.6\asm-9.6.jar;C:\Users\ernes\.m2\repository\com\thoughtworks\qdox\qdox\2.0.3\qdox-2.0.3.jar;C:\Users\ernes\.m2\repository\org\codehaus\plexus\plexus-compiler-api\2.15.0\plexus-compiler-api-2.15.0.jar;C:\Users\ernes\.m2\repository\org\codehaus\plexus\plexus-compiler-manager\2.15.0\plexus-compiler-manager-2.15.0.jar;C:\Users\ernes\.m2\repository\javax\inject\javax.inject\1\javax.inject-1.jar;C:\Users\ernes\.m2\repository\org\codehaus\plexus\plexus-xml\3.0.0\plexus-xml-3.0.0.jar;C:\Users\ernes\.m2\repository\org\codehaus\plexus\plexus-compiler-javac\2.15.0\plexus-compiler-javac-2.15.0.jar;C:\Users\ernes\.m2\repository\org\codehaus\plexus\plexus-utils\4.0.0\plexus-utils-4.0.0.jar;C:\Users\ernes\.m2\repository\com\google\code\gson\gson\2.12.1\gson-2.12.1.jar;C:\Users\ernes\.m2\repository\com\google\errorprone\error_prone_annotations\2.36.0\error_prone_annotations-2.36.0.jar;C:\Users\ernes\.m2\repository\org\fusesource\jansi\jansi\2.4.0\jansi-2.4.0.jar;"/>
    <property name="java.vm.vendor" value="Eclipse Adoptium"/>
    <property name="sun.arch.data.model" value="64"/>
    <property name="user.variant" value=""/>
    <property name="java.vendor.url" value="https://adoptium.net/"/>
    <property name="user.timezone" value="Europe/Rome"/>
    <property name="user.country.format" value="AI"/>
    <property name="os.name" value="Windows 11"/>
    <property name="java.vm.specification.version" value="17"/>
    <property name="sun.java.launcher" value="SUN_STANDARD"/>
    <property name="user.country" value="US"/>
    <property name="sun.boot.library.path" value="C:\Program Files\Eclipse Adoptium\jdk-17.0.14.7-hotspot\bin"/>
    <property name="sun.java.command" value="C:\Users\ernes\AppData\Local\Temp\surefire1874308634676928642\surefirebooter-20250516155742884_3.jar C:\Users\ernes\AppData\Local\Temp\surefire1874308634676928642 2025-05-16T15-57-42_306-jvmRun1 surefire-20250516155742884_1tmp surefire_0-20250516155742884_2tmp"/>
    <property name="jdk.debug" value="release"/>
    <property name="surefire.test.class.path" value="C:\Users\ernes\OneDrive - University of Pisa\unipi\esamiprossimi\14.retilab3\Lab3\lab3-projects\finale\cross\target\test-classes;C:\Users\ernes\OneDrive - University of Pisa\unipi\esamiprossimi\14.retilab3\Lab3\lab3-projects\finale\cross\target\classes;C:\Users\ernes\.m2\repository\org\junit\jupiter\junit-jupiter-engine\5.11.4\junit-jupiter-engine-5.11.4.jar;C:\Users\ernes\.m2\repository\org\junit\platform\junit-platform-engine\1.11.4\junit-platform-engine-1.11.4.jar;C:\Users\ernes\.m2\repository\org\opentest4j\opentest4j\1.3.0\opentest4j-1.3.0.jar;C:\Users\ernes\.m2\repository\org\junit\platform\junit-platform-commons\1.11.4\junit-platform-commons-1.11.4.jar;C:\Users\ernes\.m2\repository\org\junit\jupiter\junit-jupiter-api\5.11.4\junit-jupiter-api-5.11.4.jar;C:\Users\ernes\.m2\repository\org\apiguardian\apiguardian-api\1.1.2\apiguardian-api-1.1.2.jar;C:\Users\ernes\.m2\repository\org\apache\maven\plugins\maven-compiler-plugin\3.13.0\maven-compiler-plugin-3.13.0.jar;C:\Users\ernes\.m2\repository\org\apache\maven\shared\maven-shared-utils\3.4.2\maven-shared-utils-3.4.2.jar;C:\Users\ernes\.m2\repository\org\slf4j\slf4j-api\1.7.36\slf4j-api-1.7.36.jar;C:\Users\ernes\.m2\repository\commons-io\commons-io\2.11.0\commons-io-2.11.0.jar;C:\Users\ernes\.m2\repository\org\apache\maven\shared\maven-shared-incremental\1.1\maven-shared-incremental-1.1.jar;C:\Users\ernes\.m2\repository\org\codehaus\plexus\plexus-java\1.2.0\plexus-java-1.2.0.jar;C:\Users\ernes\.m2\repository\org\ow2\asm\asm\9.6\asm-9.6.jar;C:\Users\ernes\.m2\repository\com\thoughtworks\qdox\qdox\2.0.3\qdox-2.0.3.jar;C:\Users\ernes\.m2\repository\org\codehaus\plexus\plexus-compiler-api\2.15.0\plexus-compiler-api-2.15.0.jar;C:\Users\ernes\.m2\repository\org\codehaus\plexus\plexus-compiler-manager\2.15.0\plexus-compiler-manager-2.15.0.jar;C:\Users\ernes\.m2\repository\javax\inject\javax.inject\1\javax.inject-1.jar;C:\Users\ernes\.m2\repository\org\codehaus\plexus\plexus-xml\3.0.0\plexus-xml-3.0.0.jar;C:\Users\ernes\.m2\repository\org\codehaus\plexus\plexus-compiler-javac\2.15.0\plexus-compiler-javac-2.15.0.jar;C:\Users\ernes\.m2\repository\org\codehaus\plexus\plexus-utils\4.0.0\plexus-utils-4.0.0.jar;C:\Users\ernes\.m2\repository\com\google\code\gson\gson\2.12.1\gson-2.12.1.jar;C:\Users\ernes\.m2\repository\com\google\errorprone\error_prone_annotations\2.36.0\error_prone_annotations-2.36.0.jar;C:\Users\ernes\.m2\repository\org\fusesource\jansi\jansi\2.4.0\jansi-2.4.0.jar;"/>
    <property name="sun.cpu.endian" value="little"/>
    <property name="user.home" value="C:\Users\ernes"/>
    <property name="user.language" value="en"/>
    <property name="java.specification.vendor" value="Oracle Corporation"/>
    <property name="java.version.date" value="2025-01-21"/>
    <property name="java.home" value="C:\Program Files\Eclipse Adoptium\jdk-17.0.14.7-hotspot"/>
    <property name="file.separator" value="\"/>
    <property name="basedir" value="C:\Users\ernes\OneDrive - University of Pisa\unipi\esamiprossimi\14.retilab3\Lab3\lab3-projects\finale\cross"/>
    <property name="java.vm.compressedOopsMode" value="32-bit"/>
    <property name="line.separator" value="&#10;"/>
    <property name="java.vm.specification.vendor" value="Oracle Corporation"/>
    <property name="java.specification.name" value="Java Platform API Specification"/>
    <property name="surefire.real.class.path" value="C:\Users\ernes\AppData\Local\Temp\surefire1874308634676928642\surefirebooter-20250516155742884_3.jar"/>
    <property name="user.script" value=""/>
    <property name="sun.management.compiler" value="HotSpot 64-Bit Tiered Compilers"/>
    <property name="java.runtime.version" value="17.0.14+7"/>
    <property name="user.name" value="ernes"/>
    <property name="path.separator" value=";"/>
    <property name="os.version" value="10.0"/>
    <property name="java.runtime.name" value="OpenJDK Runtime Environment"/>
    <property name="file.encoding" value="Cp1252"/>
    <property name="java.vm.name" value="OpenJDK 64-Bit Server VM"/>
    <property name="java.vendor.version" value="Temurin-17.0.14+7"/>
    <property name="localRepository" value="C:\Users\ernes\.m2\repository"/>
    <property name="java.vendor.url.bug" value="https://github.com/adoptium/adoptium-support/issues"/>
    <property name="java.io.tmpdir" value="C:\Users\ernes\AppData\Local\Temp\"/>
    <property name="java.version" value="17.0.14"/>
    <property name="user.dir" value="C:\Users\ernes\OneDrive - University of Pisa\unipi\esamiprossimi\14.retilab3\Lab3\lab3-projects\finale\cross"/>
    <property name="os.arch" value="amd64"/>
    <property name="java.vm.specification.name" value="Java Virtual Machine Specification"/>
    <property name="sun.os.patch.level" value=""/>
    <property name="native.encoding" value="Cp1252"/>
    <property name="java.library.path" value="C:\Program Files\Eclipse Adoptium\jdk-17.0.14.7-hotspot\bin;C:\WINDOWS\Sun\Java\bin;C:\WINDOWS\system32;C:\WINDOWS;C:\Program Files\Eclipse Adoptium\jdk-17.0.14.7-hotspot\bin;C:\WINDOWS\system32;C:\WINDOWS;C:\WINDOWS\System32\Wbem;C:\WINDOWS\System32\WindowsPowerShell\v1.0\;C:\WINDOWS\System32\OpenSSH\;C:\Program Files\Docker\Docker\resources\bin;C:\Program Files\dotnet\;C:\Users\ernes\AppData\Local\Programs\Python\Python313\Scripts\;C:\Users\ernes\AppData\Local\Programs\Python\Python313\;C:\Users\ernes\AppData\Local\Microsoft\WindowsApps;C:\Users\ernes\AppData\Local\Programs\Microsoft VS Code\bin;C:\Users\ernes\AppData\Local\Programs\Python\Python313\Scripts;C:\Program Files\Apache\maven\bin;;c:\Users\ernes\.vscode\extensions\ms-python.debugpy-2025.4.1-win32-x64\bundled\scripts\noConfigScripts;."/>
    <property name="java.vm.info" value="mixed mode, sharing"/>
    <property name="java.vendor" value="Eclipse Adoptium"/>
    <property name="java.vm.version" value="17.0.14+7"/>
    <property name="java.specification.maintenance.version" value="1"/>
    <property name="sun.io.unicode.encoding" value="UnicodeLittle"/>
    <property name="java.class.version" value="61.0"/>
  </properties>
  <testcase name="testGetStringForMissingKeyReturnsEmptyString" classname="it.unipi.cross.config.ConfigReaderTest" time="0.071"/>
  <testcase name="testLoadValidConfigFile" classname="it.unipi.cross.config.ConfigReaderTest" time="0.024"/>
  <testcase name="testGetIntReturnsCorrectValue" classname="it.unipi.cross.config.ConfigReaderTest" time="0.003"/>
  <testcase name="testGetIntThrowsIfNotParsable" classname="it.unipi.cross.config.ConfigReaderTest" time="0.01"/>
  <testcase name="testGetIntForMissingKeyReturnsMinusOne" classname="it.unipi.cross.config.ConfigReaderTest" time="0.003"/>
  <testcase name="testGetStringReturnsCorrectValue" classname="it.unipi.cross.config.ConfigReaderTest" time="0.002"/>
  <testcase name="testServerConfigLoad" classname="it.unipi.cross.config.ConfigReaderTest" time="0.003"/>
  <testcase name="testClientConfigLoad" classname="it.unipi.cross.config.ConfigReaderTest" time="0.002"/>
  <testcase name="testGetIntOnEmptyValueReturnsMinusOne" classname="it.unipi.cross.config.ConfigReaderTest" time="0.003"/>
  <testcase name="testGetIntThrowsOnNonInteger" classname="it.unipi.cross.config.ConfigReaderTest" time="0.016"/>
  <testcase name="testMissingConfigThrowsException" classname="it.unipi.cross.config.ConfigReaderTest" time="0.003"/>
  <testcase name="testFileNotFoundThrowsException" classname="it.unipi.cross.config.ConfigReaderTest" time="0.003"/>
</testsuite>